Input dimension changed from 32 to 101 due to positional encoding.
encoder_dims: [32, 16, 8, 4, 2], decoder_dims: [2, 4, 8, 16, 32]
Vector quantization bottleneck dimension: 4
Epoch 1: 49it [00:06,  7.61it/s]
Traceback (most recent call last):
  File "/usr/lib/python3.10/runpy.py", line 196, in _run_module_as_main
    return _run_code(code, main_globals, None,
  File "/usr/lib/python3.10/runpy.py", line 86, in _run_code
    exec(code, run_globals)
  File "/home/amarjay/Desktop/code/neural_audio_modulation/neural_audio_modulation/src/training/train.py", line 100, in <module>
    train_model(config)
  File "/home/amarjay/Desktop/code/neural_audio_modulation/neural_audio_modulation/src/training/train.py", line 78, in train_model
    metrics = calculate_metrics(
  File "/home/amarjay/Desktop/code/neural_audio_modulation/neural_audio_modulation/src/utils/metrics.py", line 78, in calculate_metrics
    mse = mean_squared_error_metric(original, compressed)
  File "/home/amarjay/Desktop/code/neural_audio_modulation/neural_audio_modulation/src/utils/metrics.py", line 34, in mean_squared_error_metric
    return mean_squared_error(original_flat, compressed_flat)
  File "/home/amarjay/.local/lib/python3.10/site-packages/sklearn/utils/_param_validation.py", line 216, in wrapper
    return func(*args, **kwargs)
  File "/home/amarjay/.local/lib/python3.10/site-packages/sklearn/metrics/_regression.py", line 565, in mean_squared_error
    _check_reg_targets_with_floating_dtype(
  File "/home/amarjay/.local/lib/python3.10/site-packages/sklearn/metrics/_regression.py", line 198, in _check_reg_targets_with_floating_dtype
    y_type, y_true, y_pred, multioutput = _check_reg_targets(
  File "/home/amarjay/.local/lib/python3.10/site-packages/sklearn/metrics/_regression.py", line 106, in _check_reg_targets
    y_pred = check_array(y_pred, ensure_2d=False, dtype=dtype)
  File "/home/amarjay/.local/lib/python3.10/site-packages/sklearn/utils/validation.py", line 1107, in check_array
    _assert_all_finite(
  File "/home/amarjay/.local/lib/python3.10/site-packages/sklearn/utils/validation.py", line 120, in _assert_all_finite
    _assert_all_finite_element_wise(
  File "/home/amarjay/.local/lib/python3.10/site-packages/sklearn/utils/validation.py", line 169, in _assert_all_finite_element_wise
    raise ValueError(msg_err)
ValueError: Input contains NaN.
Traceback (most recent call last):
  File "/usr/lib/python3.10/runpy.py", line 196, in _run_module_as_main
    return _run_code(code, main_globals, None,
  File "/usr/lib/python3.10/runpy.py", line 86, in _run_code
    exec(code, run_globals)
  File "/home/amarjay/Desktop/code/neural_audio_modulation/neural_audio_modulation/src/training/train.py", line 100, in <module>
    train_model(config)
  File "/home/amarjay/Desktop/code/neural_audio_modulation/neural_audio_modulation/src/training/train.py", line 78, in train_model
    metrics = calculate_metrics(
  File "/home/amarjay/Desktop/code/neural_audio_modulation/neural_audio_modulation/src/utils/metrics.py", line 78, in calculate_metrics
    mse = mean_squared_error_metric(original, compressed)
  File "/home/amarjay/Desktop/code/neural_audio_modulation/neural_audio_modulation/src/utils/metrics.py", line 34, in mean_squared_error_metric
    return mean_squared_error(original_flat, compressed_flat)
  File "/home/amarjay/.local/lib/python3.10/site-packages/sklearn/utils/_param_validation.py", line 216, in wrapper
    return func(*args, **kwargs)
  File "/home/amarjay/.local/lib/python3.10/site-packages/sklearn/metrics/_regression.py", line 565, in mean_squared_error
    _check_reg_targets_with_floating_dtype(
  File "/home/amarjay/.local/lib/python3.10/site-packages/sklearn/metrics/_regression.py", line 198, in _check_reg_targets_with_floating_dtype
    y_type, y_true, y_pred, multioutput = _check_reg_targets(
  File "/home/amarjay/.local/lib/python3.10/site-packages/sklearn/metrics/_regression.py", line 106, in _check_reg_targets
    y_pred = check_array(y_pred, ensure_2d=False, dtype=dtype)
  File "/home/amarjay/.local/lib/python3.10/site-packages/sklearn/utils/validation.py", line 1107, in check_array
    _assert_all_finite(
  File "/home/amarjay/.local/lib/python3.10/site-packages/sklearn/utils/validation.py", line 120, in _assert_all_finite
    _assert_all_finite_element_wise(
  File "/home/amarjay/.local/lib/python3.10/site-packages/sklearn/utils/validation.py", line 169, in _assert_all_finite_element_wise
    raise ValueError(msg_err)
ValueError: Input contains NaN.
